<?xml version="1.0" encoding="UTF-8"?>
<!-- Generated by org.testng.reporters.JUnitReportReporter -->
<testsuite hostname="ATMECSINLT-601" failures="0" tests="1" name="com.atmecs.demo_project.tests.JsonLoader" time="5.525" errors="0" timestamp="2020-10-14T15:05:13 IST" skipped="0">
  <testcase classname="com.atmecs.demo_project.tests.JsonLoader" name="empDetails" time="5.525"/>
  <system-out/>
</testsuite> <!-- com.atmecs.demo_project.tests.JsonLoader -->
