<?xml version="1.0" encoding="UTF-8"?>
<!-- Generated by org.testng.reporters.JUnitReportReporter -->
<testsuite hostname="ATMECSINLT-601" failures="0" tests="1" name="com.atmecs.demo_project.tests.Employee_Details" time="0.022" errors="0" timestamp="2020-10-16T14:56:52 IST" skipped="0">
  <testcase classname="com.atmecs.demo_project.tests.Employee_Details" name="empDetails" time="0.022"/>
  <system-out/>
</testsuite> <!-- com.atmecs.demo_project.tests.Employee_Details -->
