<?xml version="1.0" encoding="UTF-8"?>
<!-- Generated by org.testng.reporters.JUnitReportReporter -->
<testsuite hostname="ATMECSINLT-601" failures="0" tests="1" name="com.atmecs.demo_project.tests.Employee_Details" time="4.119" errors="0" timestamp="2020-10-14T16:50:27 IST" skipped="0">
  <testcase classname="com.atmecs.demo_project.tests.Employee_Details" name="empDetails" time="4.119"/>
  <system-out/>
</testsuite> <!-- com.atmecs.demo_project.tests.Employee_Details -->
